<!DOCTYPE html>
<html>
<head>
<meta http-equiv="Content-Type" content="text/html; charset=utf-8"/>
<meta http-equiv="x-ua-compatible" content="IE=edge"/>
<title>Test results - Class Simulador de ahorro e inversion</title>
<link href="../css/base-style.css" rel="stylesheet" type="text/css"/>
<link href="../css/style.css" rel="stylesheet" type="text/css"/>
<script src="../js/report.js" type="text/javascript"></script>
</head>
<body>
<div id="content">
<h1>Class Simulador de ahorro e inversion</h1>
<div class="breadcrumbs">
<a href="../index.html">all</a> &gt; 
<a href="../packages/default-package.html">default-package</a> &gt; Simulador de ahorro e inversion</div>
<div id="summary">
<table>
<tr>
<td>
<div class="summaryGroup">
<table>
<tr>
<td>
<div class="infoBox" id="tests">
<div class="counter">5</div>
<p>tests</p>
</div>
</td>
<td>
<div class="infoBox" id="failures">
<div class="counter">1</div>
<p>failures</p>
</div>
</td>
<td>
<div class="infoBox" id="ignored">
<div class="counter">0</div>
<p>ignored</p>
</div>
</td>
<td>
<div class="infoBox" id="duration">
<div class="counter">6m6.73s</div>
<p>duration</p>
</div>
</td>
</tr>
</table>
</div>
</td>
<td>
<div class="infoBox failures" id="successRate">
<div class="percent">80%</div>
<p>successful</p>
</div>
</td>
</tr>
</table>
</div>
<div id="tabs">
<ul class="tabLinks">
<li>
<a href="#tab0">Failed tests</a>
</li>
<li>
<a href="#tab1">Tests</a>
</li>
<li>
<a href="#tab2">Standard output</a>
</li>
<li>
<a href="#tab3">Standard error</a>
</li>
</ul>
<div id="tab0" class="tab">
<h2>Failed tests</h2>
<div class="test">
<a name="Prueba a realizar - Validar lista desplegable del campo selecciona el producto"></a>
<h3 class="failures">Prueba a realizar - Validar lista desplegable del campo selecciona el producto</h3>
<span class="code">
<pre>java.lang.AssertionError: Unable to locate element{&quot;method&quot;&quot;xpath&quot;,&quot;selector&quot;&quot;//select[@name='nmSelectAhorro']/option[text() ='Fiducuenta']&quot;}(Session infochrome=71.0.3578.98)
For documentation on this error, please visit: https://www.seleniumhq.org/exceptions/no_such_element.html
Build info: version: '3.141.59', revision: 'e82be7d358', time: '2018-11-14T08:17:03'
System info: host: 'CPX-6IKEC8NIMJY', ip: '175.33.2.110', os.name: 'Windows 10', os.arch: 'amd64', os.version: '10.0', java.version: '1.8.0_192'
Driver info: org.openqa.selenium.remote.RemoteWebDriver
Capabilities {acceptInsecureCerts: false, acceptSslCerts: false, applicationCacheEnabled: false, browserConnectionEnabled: false, browserName: chrome, chrome: {chromedriverVersion: 2.43.600210 (68dcf5eebde371..., userDataDir: C:\Users\CAMILA~1.PER\AppDa...}, cssSelectorsEnabled: true, databaseEnabled: false, goog:chromeOptions: {debuggerAddress: localhost:53139}, handlesAlerts: true, hasTouchScreen: false, javascriptEnabled: true, locationContextEnabled: true, mobileEmulationEnabled: false, nativeEvents: true, networkConnectionEnabled: false, pageLoadStrategy: normal, platform: XP, platformName: XP, rotatable: false, setWindowRect: true, takesHeapSnapshot: true, takesScreenshot: true, unhandledPromptBehavior: , version: 71.0.3578.98, webStorageEnabled: true}
Session ID: 744e9e65c93cbafd34cbd89e1ff7b66d
*** Element info: {Using=xpath, value=//select[@name='nmSelectAhorro']/option[text() ='Fiducuenta']}
Unable to locate element{&quot;method&quot;&quot;xpath&quot;,&quot;selector&quot;&quot;//select[@name='nmSelectAhorro']/option[text() ='Cuenta Ahorrador']&quot;}(Session infochrome=71.0.3578.98)
For documentation on this error, please visit: https://www.seleniumhq.org/exceptions/no_such_element.html
Build info: version: '3.141.59', revision: 'e82be7d358', time: '2018-11-14T08:17:03'
System info: host: 'CPX-6IKEC8NIMJY', ip: '175.33.2.110', os.name: 'Windows 10', os.arch: 'amd64', os.version: '10.0', java.version: '1.8.0_192'
Driver info: org.openqa.selenium.remote.RemoteWebDriver
Capabilities {acceptInsecureCerts: false, acceptSslCerts: false, applicationCacheEnabled: false, browserConnectionEnabled: false, browserName: chrome, chrome: {chromedriverVersion: 2.43.600210 (68dcf5eebde371..., userDataDir: C:\Users\CAMILA~1.PER\AppDa...}, cssSelectorsEnabled: true, databaseEnabled: false, goog:chromeOptions: {debuggerAddress: localhost:53139}, handlesAlerts: true, hasTouchScreen: false, javascriptEnabled: true, locationContextEnabled: true, mobileEmulationEnabled: false, nativeEvents: true, networkConnectionEnabled: false, pageLoadStrategy: normal, platform: XP, platformName: XP, rotatable: false, setWindowRect: true, takesHeapSnapshot: true, takesScreenshot: true, unhandledPromptBehavior: , version: 71.0.3578.98, webStorageEnabled: true}
Session ID: 744e9e65c93cbafd34cbd89e1ff7b66d
*** Element info: {Using=xpath, value=//select[@name='nmSelectAhorro']/option[text() ='Cuenta Ahorrador']}

Expected: a value equal to &lt;3&gt;
     but: &lt;1&gt; was less than &lt;3&gt;
	at net.serenitybdd.screenplay.ErrorTally.throwSummaryExceptionFrom(ErrorTally.java:36)
	at net.serenitybdd.screenplay.ErrorTally.reportAnyErrors(ErrorTally.java:30)
	at net.serenitybdd.screenplay.Actor.should(Actor.java:274)
	at com.accenture.RetoBancolombiaScreenplayCucumber.stepDefinitions.BancolombiaStepDefinitions.elegirUnElementoDesdeElArchivoExcel(BancolombiaStepDefinitions.java:131)
	at ✽.elegir un elemento desde el archivo excel(src/test/resources/features/Bancolombia.feature:28)
</pre>
</span>
</div>
</div>
<div id="tab1" class="tab">
<h2>Tests</h2>
<table>
<thead>
<tr>
<th>Test</th>
<th>Duration</th>
<th>Result</th>
</tr>
</thead>
<tr>
<td class="success">Prueba a realizar - Llenar el campo cuantos meses te faltan para alcanzar tu meta</td>
<td class="success">1m4.31s</td>
<td class="success">passed</td>
</tr>
<tr>
<td class="success">Prueba a realizar - Validar lista desplegable del campo para que quieres ahorrar</td>
<td class="success">59.687s</td>
<td class="success">passed</td>
</tr>
<tr>
<td class="failures">Prueba a realizar - Validar lista desplegable del campo selecciona el producto</td>
<td class="failures">1m55.07s</td>
<td class="failures">failed</td>
</tr>
<tr>
<td class="success">Prueba a realizar - Validar que los campos son obligatorios</td>
<td class="success">1m4.86s</td>
<td class="success">passed</td>
</tr>
<tr>
<td class="success">Prueba a realizar - llenar campo cuanto dinero te falta para lograr tu meta y enviar formulario</td>
<td class="success">1m2.80s</td>
<td class="success">passed</td>
</tr>
</table>
</div>
<div id="tab2" class="tab">
<h2>Standard output</h2>
<span class="code">
<pre>





















Simulador Ahorro e Inversión para Carro ó Moto



Se Ejecuto el when





































Simulador Ahorro e Inversión para Carro ó Moto










Option what do you want to save
La opción Viaje se encuentra en el campo


Option what do you want to save
La opción Educación se encuentra en el campo


Option what do you want to save
La opción Vivienda se encuentra en el campo


Option what do you want to save
La opción Vehículo se encuentra en el campo


Option what do you want to save
La opción Entretenimiento se encuentra en el campo


Option what do you want to save
La opción Retiro para la vejez se encuentra en el campo


Option what do you want to save
La opción Otro se encuentra en el campo


8
























Simulador Ahorro e Inversión para Carro ó Moto


































Simulador Ahorro e Inversión para Carro ó Moto










Option what do you want to save


Option what do you want to save


1























Simulador Ahorro e Inversión para Carro ó Moto












</pre>
</span>
</div>
<div id="tab3" class="tab">
<h2>Standard error</h2>
<span class="code">
<pre>Jan 30, 2019 2:17:54 PM org.openqa.selenium.remote.DesiredCapabilities chrome
INFO: Using `new ChromeOptions()` is preferred to `DesiredCapabilities.chrome()`
Starting ChromeDriver 2.43.600210 (68dcf5eebde37173d4027fa8635e332711d2874a) on port 22151
Only local connections are allowed.
Jan 30, 2019 2:18:02 PM org.openqa.selenium.remote.ProtocolHandshake createSession
INFO: Detected dialect: W3C
[Test worker] INFO net.thucydides.core.steps.ConsoleLoggingListener - 
        __    _____ _____ ____ _____   ____   _    ____  ____  _____ ____  
  _     \ \  |_   _| ____/ ___|_   _| |  _ \ / \  / ___|/ ___|| ____|  _ \ 
 (_)_____| |   | | |  _| \___ \ | |   | |_) / _ \ \___ \\___ \|  _| | | | |
  _|_____| |   | | | |___ ___) || |   |  __/ ___ \ ___) |___) | |___| |_| |
 (_)     | |   |_| |_____|____/ |_|   |_| /_/   \_\____/|____/|_____|____/ 
        /_/                                                                

TEST PASSED: Prueba a realizar - Validar que los campos son obligatorios
----------------------------------------------------------------------------
Jan 30, 2019 2:18:59 PM org.openqa.selenium.remote.DesiredCapabilities chrome
INFO: Using `new ChromeOptions()` is preferred to `DesiredCapabilities.chrome()`
Jan 30, 2019 2:19:03 PM org.openqa.selenium.remote.ProtocolHandshake createSession
INFO: Detected dialect: W3C
[Test worker] INFO net.thucydides.core.steps.ConsoleLoggingListener - 
        __    _____ _____ ____ _____   ____   _    ____  ____  _____ ____  
  _     \ \  |_   _| ____/ ___|_   _| |  _ \ / \  / ___|/ ___|| ____|  _ \ 
 (_)_____| |   | | |  _| \___ \ | |   | |_) / _ \ \___ \\___ \|  _| | | | |
  _|_____| |   | | | |___ ___) || |   |  __/ ___ \ ___) |___) | |___| |_| |
 (_)     | |   |_| |_____|____/ |_|   |_| /_/   \_\____/|____/|_____|____/ 
        /_/                                                                

TEST PASSED: Prueba a realizar - Validar lista desplegable del campo para que quieres ahorrar
----------------------------------------------------------------------------
Jan 30, 2019 2:19:58 PM org.openqa.selenium.remote.DesiredCapabilities chrome
INFO: Using `new ChromeOptions()` is preferred to `DesiredCapabilities.chrome()`
Jan 30, 2019 2:20:02 PM org.openqa.selenium.remote.ProtocolHandshake createSession
INFO: Detected dialect: W3C
[Test worker] INFO net.thucydides.core.steps.ConsoleLoggingListener - 
        __    _____ _____ ____ _____   ____   _    ____  ____  _____ ____  
  _     \ \  |_   _| ____/ ___|_   _| |  _ \ / \  / ___|/ ___|| ____|  _ \ 
 (_)_____| |   | | |  _| \___ \ | |   | |_) / _ \ \___ \\___ \|  _| | | | |
  _|_____| |   | | | |___ ___) || |   |  __/ ___ \ ___) |___) | |___| |_| |
 (_)     | |   |_| |_____|____/ |_|   |_| /_/   \_\____/|____/|_____|____/ 
        /_/                                                                

TEST PASSED: Prueba a realizar - Llenar el campo cuantos meses te faltan para alcanzar tu meta
----------------------------------------------------------------------------
Jan 30, 2019 2:21:03 PM org.openqa.selenium.remote.DesiredCapabilities chrome
INFO: Using `new ChromeOptions()` is preferred to `DesiredCapabilities.chrome()`
Jan 30, 2019 2:21:06 PM org.openqa.selenium.remote.ProtocolHandshake createSession
INFO: Detected dialect: W3C
[Test worker] ERROR net.thucydides.core.steps.ConsoleLoggingListener - 
           __  _____ _____ ____ _____   _____ _    ___ _     _____ ____  
  _       / / |_   _| ____/ ___|_   _| |  ___/ \  |_ _| |   | ____|  _ \ 
 (_)_____| |    | | |  _| \___ \ | |   | |_ / _ \  | || |   |  _| | | | |
  _|_____| |    | | | |___ ___) || |   |  _/ ___ \ | || |___| |___| |_| |
 (_)     | |    |_| |_____|____/ |_|   |_|/_/   \_\___|_____|_____|____/ 
          \_\                                                            

TEST FAILED WITH ERROR: Prueba a realizar - Validar lista desplegable del campo selecciona el producto
---------------------------------------------------------------------
[Test worker] ERROR net.thucydides.core.steps.ConsoleLoggingListener - TEST FAILED AT STEP Then options product should be a value equal to (3)
[Test worker] ERROR net.thucydides.core.steps.ConsoleLoggingListener - Unable to locate element{&quot;method&quot;&quot;xpath&quot;,&quot;selector&quot;&quot;//select[@name='nmSelectAhorro']/option[text() ='Fiducuenta']&quot;}(Session infochrome=71.0.3578.98)For documentation on this error, please visit: https://www.seleniumhq.org/exceptionso_such_element.htmlBuild info: version: '3.141.59', revision: 'e82be7d358', time: '2018-11-14T08:17:03'System info: host: 'CPX-6IKEC8NIMJY', ip: '175.33.2.110', os.name: 'Windows 10', os.arch: 'amd64', os.version: '10.0', java.version: '1.8.0_192'Driver info: org.openqa.selenium.remote.RemoteWebDriverCapabilities {acceptInsecureCerts: false, acceptSslCerts: false, applicationCacheEnabled: false, browserConnectionEnabled: false, browserName: chrome, chrome: {chromedriverVersion: 2.43.600210 (68dcf5eebde371..., userDataDir: C:\Users\CAMILA~1.PER\AppDa...}, cssSelectorsEnabled: true, databaseEnabled: false, goog:chromeOptions: {debuggerAddress: localhost:53139}, handlesAlerts: true, hasTouchScreen: false, javascriptEnabled: true, locationContextEnabled: true, mobileEmulationEnabled: false, nativeEvents: true, networkConnectionEnabled: false, pageLoadStrategy: normal, platform: XP, platformName: XP, rotatable: false, setWindowRect: true, takesHeapSnapshot: true, takesScreenshot: true, unhandledPromptBehavior: , version: 71.0.3578.98, webStorageEnabled: true}Session ID: 744e9e65c93cbafd34cbd89e1ff7b66d*** Element info: {Using=xpath, value=//select[@name='nmSelectAhorro']/option[text() ='Fiducuenta']}Unable to locate element{&quot;method&quot;&quot;xpath&quot;,&quot;selector&quot;&quot;//select[@name='nmSelectAhorro']/option[text() ='Cuenta Ahorrador']&quot;}(Session infochrome=71.0.3578.98)For documentation on this error, please visit: https://www.seleniumhq.org/exceptionso_such_element.htmlBuild info: version: '3.141.59', revision: 'e82be7d358', time: '2018-11-14T08:17:03'System info: host: 'CPX-6IKEC8NIMJY', ip: '175.33.2.110', os.name: 'Windows 10', os.arch: 'amd64', os.version: '10.0', java.version: '1.8.0_192'Driver info: org.openqa.selenium.remote.RemoteWebDriverCapabilities {acceptInsecureCerts: false, acceptSslCerts: false, applicationCacheEnabled: false, browserConnectionEnabled: false, browserName: chrome, chrome: {chromedriverVersion: 2.43.600210 (68dcf5eebde371..., userDataDir: C:\Users\CAMILA~1.PER\AppDa...}, cssSelectorsEnabled: true, databaseEnabled: false, goog:chromeOptions: {debuggerAddress: localhost:53139}, handlesAlerts: true, hasTouchScreen: false, javascriptEnabled: true, locationContextEnabled: true, mobileEmulationEnabled: false, nativeEvents: true, networkConnectionEnabled: false, pageLoadStrategy: normal, platform: XP, platformName: XP, rotatable: false, setWindowRect: true, takesHeapSnapshot: true, takesScreenshot: true, unhandledPromptBehavior: , version: 71.0.3578.98, webStorageEnabled: true}Session ID: 744e9e65c93cbafd34cbd89e1ff7b66d*** Element info: {Using=xpath, value=//select[@name='nmSelectAhorro']/option[text() ='Cuenta Ahorrador']}Expected: a value equal to &lt;3&gt; but: &lt;1&gt; was less than &lt;3&gt;
Jan 30, 2019 2:22:58 PM org.openqa.selenium.remote.DesiredCapabilities chrome
INFO: Using `new ChromeOptions()` is preferred to `DesiredCapabilities.chrome()`
Jan 30, 2019 2:23:02 PM org.openqa.selenium.remote.ProtocolHandshake createSession
INFO: Detected dialect: W3C
[Test worker] INFO net.thucydides.core.steps.ConsoleLoggingListener - 
        __    _____ _____ ____ _____   ____   _    ____  ____  _____ ____  
  _     \ \  |_   _| ____/ ___|_   _| |  _ \ / \  / ___|/ ___|| ____|  _ \ 
 (_)_____| |   | | |  _| \___ \ | |   | |_) / _ \ \___ \\___ \|  _| | | | |
  _|_____| |   | | | |___ ___) || |   |  __/ ___ \ ___) |___) | |___| |_| |
 (_)     | |   |_| |_____|____/ |_|   |_| /_/   \_\____/|____/|_____|____/ 
        /_/                                                                

TEST PASSED: Prueba a realizar - llenar campo cuanto dinero te falta para lograr tu meta y enviar formulario
----------------------------------------------------------------------------
</pre>
</span>
</div>
</div>
<div id="footer">
<p>
<div>
<label class="hidden" id="label-for-line-wrapping-toggle" for="line-wrapping-toggle">Wrap lines
<input id="line-wrapping-toggle" type="checkbox" autocomplete="off"/>
</label>
</div>Generated by 
<a href="http://www.gradle.org">Gradle 5.1.1</a> at Jan 30, 2019 2:24:27 PM</p>
</div>
</div>
</body>
</html>
