<?xml version="1.0" encoding="UTF-8"?><testsuite errors="1" failures="0" name="Simulador de ahorro e inversion" skipped="0" tests="1" time="75.53" timestamp="2019-02-01 09:40:30"><testcase name="Prueba a realizar - Validar lista desplegable del campo selecciona el producto"><error message="Unable to locate element{&quot;method&quot;&quot;xpath&quot;,&quot;selector&quot;&quot;//select[@name='nmSelectAhorro']/option[text() ='Fiducuenta']&quot;}(Session infochrome=71.0.3578.98)&#10;For documentation on this error, please visit: https://www.seleniumhq.org/exceptions/no_such_element.html&#10;Build info: version: '3.141.59', revision: 'e82be7d358', time: '2018-11-14T08:17:03'&#10;System info: host: 'CPX-6IKEC8NIMJY', ip: '175.33.2.110', os.name: 'Windows 10', os.arch: 'amd64', os.version: '10.0', java.version: '1.8.0_192'&#10;Driver info: org.openqa.selenium.remote.RemoteWebDriver&#10;Capabilities {acceptInsecureCerts: false, acceptSslCerts: false, applicationCacheEnabled: false, browserConnectionEnabled: false, browserName: chrome, chrome: {chromedriverVersion: 2.43.600210 (68dcf5eebde371..., userDataDir: C:\Users\CAMILA~1.PER\AppDa...}, cssSelectorsEnabled: true, databaseEnabled: false, goog:chromeOptions: {debuggerAddress: localhost:50429}, handlesAlerts: true, hasTouchScreen: false, javascriptEnabled: true, locationContextEnabled: true, mobileEmulationEnabled: false, nativeEvents: true, networkConnectionEnabled: false, pageLoadStrategy: normal, platform: XP, platformName: XP, rotatable: false, setWindowRect: true, takesHeapSnapshot: true, takesScreenshot: true, unhandledPromptBehavior: , version: 71.0.3578.98, webStorageEnabled: true}&#10;Session ID: 32446d246d0c0fe966ed00d66b50aeb0&#10;*** Element info: {Using=xpath, value=//select[@name='nmSelectAhorro']/option[text() ='Fiducuenta']}&#13;&#10;Unable to locate element{&quot;method&quot;&quot;xpath&quot;,&quot;selector&quot;&quot;//select[@name='nmSelectAhorro']/option[text() ='Cuenta Ahorrador']&quot;}(Session infochrome=71.0.3578.98)&#10;For documentation on this error, please visit: https://www.seleniumhq.org/exceptions/no_such_element.html&#10;Build info: version: '3.141.59', revision: 'e82be7d358', time: '2018-11-14T08:17:03'&#10;System info: host: 'CPX-6IKEC8NIMJY', ip: '175.33.2.110', os.name: 'Windows 10', os.arch: 'amd64', os.version: '10.0', java.version: '1.8.0_192'&#10;Driver info: org.openqa.selenium.remote.RemoteWebDriver&#10;Capabilities {acceptInsecureCerts: false, acceptSslCerts: false, applicationCacheEnabled: false, browserConnectionEnabled: false, browserName: chrome, chrome: {chromedriverVersion: 2.43.600210 (68dcf5eebde371..., userDataDir: C:\Users\CAMILA~1.PER\AppDa...}, cssSelectorsEnabled: true, databaseEnabled: false, goog:chromeOptions: {debuggerAddress: localhost:50429}, handlesAlerts: true, hasTouchScreen: false, javascriptEnabled: true, locationContextEnabled: true, mobileEmulationEnabled: false, nativeEvents: true, networkConnectionEnabled: false, pageLoadStrategy: normal, platform: XP, platformName: XP, rotatable: false, setWindowRect: true, takesHeapSnapshot: true, takesScreenshot: true, unhandledPromptBehavior: , version: 71.0.3578.98, webStorageEnabled: true}&#10;Session ID: 32446d246d0c0fe966ed00d66b50aeb0&#10;*** Element info: {Using=xpath, value=//select[@name='nmSelectAhorro']/option[text() ='Cuenta Ahorrador']}&#13;&#10;El siguiente mensaje contiene un error - &#10;Expected: a value equal to &lt;3&gt;&#10;     but: &lt;1&gt; was less than &lt;3&gt;" type="java.lang.AssertionError">Unable to locate element{"method""xpath","selector""//select[@name='nmSelectAhorro']/option[text() ='Fiducuenta']"}(Session infochrome=71.0.3578.98)
For documentation on this error, please visit: https://www.seleniumhq.org/exceptions/no_such_element.html
Build info: version: '3.141.59', revision: 'e82be7d358', time: '2018-11-14T08:17:03'
System info: host: 'CPX-6IKEC8NIMJY', ip: '175.33.2.110', os.name: 'Windows 10', os.arch: 'amd64', os.version: '10.0', java.version: '1.8.0_192'
Driver info: org.openqa.selenium.remote.RemoteWebDriver
Capabilities {acceptInsecureCerts: false, acceptSslCerts: false, applicationCacheEnabled: false, browserConnectionEnabled: false, browserName: chrome, chrome: {chromedriverVersion: 2.43.600210 (68dcf5eebde371..., userDataDir: C:\Users\CAMILA~1.PER\AppDa...}, cssSelectorsEnabled: true, databaseEnabled: false, goog:chromeOptions: {debuggerAddress: localhost:50429}, handlesAlerts: true, hasTouchScreen: false, javascriptEnabled: true, locationContextEnabled: true, mobileEmulationEnabled: false, nativeEvents: true, networkConnectionEnabled: false, pageLoadStrategy: normal, platform: XP, platformName: XP, rotatable: false, setWindowRect: true, takesHeapSnapshot: true, takesScreenshot: true, unhandledPromptBehavior: , version: 71.0.3578.98, webStorageEnabled: true}
Session ID: 32446d246d0c0fe966ed00d66b50aeb0
*** Element info: {Using=xpath, value=//select[@name='nmSelectAhorro']/option[text() ='Fiducuenta']}&#13;
Unable to locate element{"method""xpath","selector""//select[@name='nmSelectAhorro']/option[text() ='Cuenta Ahorrador']"}(Session infochrome=71.0.3578.98)
For documentation on this error, please visit: https://www.seleniumhq.org/exceptions/no_such_element.html
Build info: version: '3.141.59', revision: 'e82be7d358', time: '2018-11-14T08:17:03'
System info: host: 'CPX-6IKEC8NIMJY', ip: '175.33.2.110', os.name: 'Windows 10', os.arch: 'amd64', os.version: '10.0', java.version: '1.8.0_192'
Driver info: org.openqa.selenium.remote.RemoteWebDriver
Capabilities {acceptInsecureCerts: false, acceptSslCerts: false, applicationCacheEnabled: false, browserConnectionEnabled: false, browserName: chrome, chrome: {chromedriverVersion: 2.43.600210 (68dcf5eebde371..., userDataDir: C:\Users\CAMILA~1.PER\AppDa...}, cssSelectorsEnabled: true, databaseEnabled: false, goog:chromeOptions: {debuggerAddress: localhost:50429}, handlesAlerts: true, hasTouchScreen: false, javascriptEnabled: true, locationContextEnabled: true, mobileEmulationEnabled: false, nativeEvents: true, networkConnectionEnabled: false, pageLoadStrategy: normal, platform: XP, platformName: XP, rotatable: false, setWindowRect: true, takesHeapSnapshot: true, takesScreenshot: true, unhandledPromptBehavior: , version: 71.0.3578.98, webStorageEnabled: true}
Session ID: 32446d246d0c0fe966ed00d66b50aeb0
*** Element info: {Using=xpath, value=//select[@name='nmSelectAhorro']/option[text() ='Cuenta Ahorrador']}&#13;
El siguiente mensaje contiene un error - 
Expected: a value equal to &lt;3&gt;
     but: &lt;1&gt; was less than &lt;3&gt;</error><system-err>Unable to locate element{"method""xpath","selector""//select[@name='nmSelectAhorro']/option[text() ='Fiducuenta']"}(Session infochrome=71.0.3578.98)
For documentation on this error, please visit: https://www.seleniumhq.org/exceptions/no_such_element.html
Build info: version: '3.141.59', revision: 'e82be7d358', time: '2018-11-14T08:17:03'
System info: host: 'CPX-6IKEC8NIMJY', ip: '175.33.2.110', os.name: 'Windows 10', os.arch: 'amd64', os.version: '10.0', java.version: '1.8.0_192'
Driver info: org.openqa.selenium.remote.RemoteWebDriver
Capabilities {acceptInsecureCerts: false, acceptSslCerts: false, applicationCacheEnabled: false, browserConnectionEnabled: false, browserName: chrome, chrome: {chromedriverVersion: 2.43.600210 (68dcf5eebde371..., userDataDir: C:\Users\CAMILA~1.PER\AppDa...}, cssSelectorsEnabled: true, databaseEnabled: false, goog:chromeOptions: {debuggerAddress: localhost:50429}, handlesAlerts: true, hasTouchScreen: false, javascriptEnabled: true, locationContextEnabled: true, mobileEmulationEnabled: false, nativeEvents: true, networkConnectionEnabled: false, pageLoadStrategy: normal, platform: XP, platformName: XP, rotatable: false, setWindowRect: true, takesHeapSnapshot: true, takesScreenshot: true, unhandledPromptBehavior: , version: 71.0.3578.98, webStorageEnabled: true}
Session ID: 32446d246d0c0fe966ed00d66b50aeb0
*** Element info: {Using=xpath, value=//select[@name='nmSelectAhorro']/option[text() ='Fiducuenta']}&#13;
Unable to locate element{"method""xpath","selector""//select[@name='nmSelectAhorro']/option[text() ='Cuenta Ahorrador']"}(Session infochrome=71.0.3578.98)
For documentation on this error, please visit: https://www.seleniumhq.org/exceptions/no_such_element.html
Build info: version: '3.141.59', revision: 'e82be7d358', time: '2018-11-14T08:17:03'
System info: host: 'CPX-6IKEC8NIMJY', ip: '175.33.2.110', os.name: 'Windows 10', os.arch: 'amd64', os.version: '10.0', java.version: '1.8.0_192'
Driver info: org.openqa.selenium.remote.RemoteWebDriver
Capabilities {acceptInsecureCerts: false, acceptSslCerts: false, applicationCacheEnabled: false, browserConnectionEnabled: false, browserName: chrome, chrome: {chromedriverVersion: 2.43.600210 (68dcf5eebde371..., userDataDir: C:\Users\CAMILA~1.PER\AppDa...}, cssSelectorsEnabled: true, databaseEnabled: false, goog:chromeOptions: {debuggerAddress: localhost:50429}, handlesAlerts: true, hasTouchScreen: false, javascriptEnabled: true, locationContextEnabled: true, mobileEmulationEnabled: false, nativeEvents: true, networkConnectionEnabled: false, pageLoadStrategy: normal, platform: XP, platformName: XP, rotatable: false, setWindowRect: true, takesHeapSnapshot: true, takesScreenshot: true, unhandledPromptBehavior: , version: 71.0.3578.98, webStorageEnabled: true}
Session ID: 32446d246d0c0fe966ed00d66b50aeb0
*** Element info: {Using=xpath, value=//select[@name='nmSelectAhorro']/option[text() ='Cuenta Ahorrador']}&#13;
El siguiente mensaje contiene un error - 
Expected: a value equal to &lt;3&gt;
     but: &lt;1&gt; was less than &lt;3&gt;&#13;
com.accenture.RetoBancolombiaScreenplayCucumber.stepDefinitions.BancolombiaStepDefinitions.elegirUnElementoDesdeElArchivoExcel(BancolombiaStepDefinitions.java:130)&#13;
âœ½.elegir un elemento desde el archivo excel pero entonces saldra un error &lt;errorMessage&gt;(src/test/resources/features/Bancolombia.feature:28)&#13;
</system-err></testcase></testsuite>